2026-04-27 00:32:16,732 - aqt.helper - DEBUG - helper 45956 Attempt to download checksum at https://download.qt.io/online/qtsdkrepository/windows_x86/desktop/qt6_653/Updates.xml.sha256
2026-04-27 00:32:17,736 - aqt.helper - DEBUG - helper 45956 Attempt to download checksum at https://download.qt.io/online/qtsdkrepository/windows_x86/desktop/qt6_653_wasm_singlethread/Updates.xml.sha256
2026-04-27 00:32:18,764 - aqt.helper - DEBUG - helper 45956 Attempt to download checksum at https://download.qt.io/online/qtsdkrepository/windows_x86/desktop/qt6_653_wasm_multithread/Updates.xml.sha256
2026-04-27 00:32:20,846 - aqt.helper - DEBUG - helper 70376 Attempt to download checksum at https://download.qt.io/online/qtsdkrepository/windows_x86/desktop/qt6_673/Updates.xml.sha256
2026-04-27 00:32:29,990 - aqt.main - INFO - installer 25184 aqtinstall(aqt) v3.3.0 on Python 3.13.3 [CPython MSC v.1943 64 bit (AMD64)]
2026-04-27 00:32:29,991 - aqt.helper - DEBUG - helper 25184 Attempt to download checksum at https://download.qt.io/online/qtsdkrepository/windows_x86/desktop/qt6_673/Updates.xml.sha256
2026-04-27 00:32:32,037 - aqt.helper - DEBUG - helper 80968 Attempt to download checksum at https://download.qt.io/online/qtsdkrepository/windows_x86/desktop/qt6_673/qt.qt6.673.win64_msvc2019_64/6.7.3-0-202409200836qtbase-Windows-Windows_10_22H2-MSVC2019-Windows-Windows_10_22H2-X86_64.7z.sha256
2026-04-27 00:32:32,038 - aqt.helper - DEBUG - helper 87512 Attempt to download checksum at https://download.qt.io/online/qtsdkrepository/windows_x86/desktop/qt6_673/qt.qt6.673.win64_msvc2019_64/6.7.3-0-202409200836qtsvg-Windows-Windows_10_22H2-MSVC2019-Windows-Windows_10_22H2-X86_64.7z.sha256

2026-04-27 00:32:32,039 - aqt.helper - DEBUG - helper 46724 Attempt to download checksum at https://download.qt.io/online/qtsdkrepository/windows_x86/desktop/qt6_673/qt.qt6.673.win64_msvc2019_64/6.7.3-0-202409200836qtdeclarative-Windows-Windows_10_22H2-MSVC2019-Windows-Windows_10_22H2-X86_64.7z.sha256
2026-04-27 00:32:32,540 - aqt.helper - INFO - helper 87512 Downloading qtsvg...
2026-04-27 00:32:32,540 - aqt.helper - INFO - helper 80968 Downloading qtbase...
2026-04-27 00:32:32,541 - aqt.installer - DEBUG - installer 87512 Download URL: https://download.qt.io/online/qtsdkrepository/windows_x86/desktop/qt6_673/qt.qt6.673.win64_msvc2019_64/6.7.3-0-202409200836qtsvg-Windows-Windows_10_22H2-MSVC2019-Windows-Windows_10_22H2-X86_64.7z
2026-04-27 00:32:32,541 - aqt.installer - DEBUG - installer 80968 Download URL: https://download.qt.io/online/qtsdkrepository/windows_x86/desktop/qt6_673/qt.qt6.673.win64_msvc2019_64/6.7.3-0-202409200836qtbase-Windows-Windows_10_22H2-MSVC2019-Windows-Windows_10_22H2-X86_64.7z
2026-04-27 00:32:32,553 - aqt.helper - INFO - helper 28860 Downloading qttools...
2026-04-27 00:32:32,553 - aqt.installer - DEBUG - installer 28860 Download URL: https://download.qt.io/online/qtsdkrepository/windows_x86/desktop/qt6_673/qt.qt6.673.win64_msvc2019_64/6.7.3-0-202409200836qttools-Windows-Windows_10_22H2-MSVC2019-Windows-Windows_10_22H2-X86_64.7z
2026-04-27 00:32:32,591 - aqt.helper - INFO - helper 46724 Downloading qtdeclarative...
2026-04-27 00:32:32,591 - aqt.installer - DEBUG - installer 46724 Download URL: https://download.qt.io/online/qtsdkrepository/windows_x86/desktop/qt6_673/qt.qt6.673.win64_msvc2019_64/6.7.3-0-202409200836qtdeclarative-Windows-Windows_10_22H2-MSVC2019-Windows-Windows_10_22H2-X86_64.7z
2026-04-27 00:32:33,028 - aqt.helper - DEBUG - helper 80968 Asked to redirect(302) to: https://qt.mirror.constant.com/online/qtsdkrepository/windows_x86/desktop/qt6_673/qt.qt6.673.win64_msvc2019_64/6.7.3-0-202409200836qtbase-Windows-Windows_10_22H2-MSVC2019-Windows-Windows_10_22H2-X86_64.7z
2026-04-27 00:32:33,028 - aqt.helper - INFO - helper 80968 Redirected: qt.mirror.constant.com
2026-04-27 00:32:33,033 - aqt.helper - DEBUG - helper 87512 Asked to redirect(302) to: https://qt.mirror.constant.com/online/qtsdkrepository/windows_x86/desktop/qt6_673/qt.qt6.673.win64_msvc2019_64/6.7.3-0-202409200836qtsvg-Windows-Windows_10_22H2-MSVC2019-Windows-Windows_10_22H2-X86_64.7z
2026-04-27 00:32:33,034 - aqt.helper - INFO - helper 87512 Redirected: qt.mirror.constant.com
2026-04-27 00:32:33,058 - aqt.helper - DEBUG - helper 28860 Asked to redirect(302) to: https://qt.mirror.constant.com/online/qtsdkrepository/windows_x86/desktop/qt6_673/qt.qt6.673.win64_msvc2019_64/6.7.3-0-202409200836qttools-Windows-Windows_10_22H2-MSVC2019-Windows-Windows_10_22H2-X86_64.7z
2026-04-27 00:32:33,058 - aqt.helper - INFO - helper 28860 Redirected: qt.mirror.constant.com
2026-04-27 00:32:33,082 - aqt.helper - DEBUG - helper 46724 Asked to redirect(302) to: https://qt.mirror.constant.com/online/qtsdkrepository/windows_x86/desktop/qt6_673/qt.qt6.673.win64_msvc2019_64/6.7.3-0-202409200836qtdeclarative-Windows-Windows_10_22H2-MSVC2019-Windows-Windows_10_22H2-X86_64.7z
2026-04-27 00:32:33,082 - aqt.helper - INFO - helper 46724 Redirected: qt.mirror.constant.com
2026-04-27 00:32:33,363 - aqt.installer - INFO - installer 87512 Finished installation of qtsvg-Windows-Windows_10_22H2-MSVC2019-Windows-Windows_10_22H2-X86_64.7z in 1.32723940
2026-04-27 00:32:33,375 - aqt.helper - DEBUG - helper 87512 Attempt to download checksum at https://download.qt.io/online/qtsdkrepository/windows_x86/desktop/qt6_673/qt.qt6.673.win64_msvc2019_64/6.7.3-0-202409200836qttranslations-Windows-Windows_10_22H2-MSVC2019-Windows-Windows_10_22H2-X86_64.7z.sha256
2026-04-27 00:32:33,917 - aqt.helper - INFO - helper 87512 Downloading qttranslations...
2026-04-27 00:32:33,917 - aqt.installer - DEBUG - installer 87512 Download URL: https://download.qt.io/online/qtsdkrepository/windows_x86/desktop/qt6_673/qt.qt6.673.win64_msvc2019_64/6.7.3-0-202409200836qttranslations-Windows-Windows_10_22H2-MSVC2019-Windows-Windows_10_22H2-X86_64.7z
2026-04-27 00:32:34,403 - aqt.helper - DEBUG - helper 87512 Asked to redirect(302) to: https://qt.mirror.constant.com/online/qtsdkrepository/windows_x86/desktop/qt6_673/qt.qt6.673.win64_msvc2019_64/6.7.3-0-202409200836qttranslations-Windows-Windows_10_22H2-MSVC2019-Windows-Windows_10_22H2-X86_64.7z
2026-04-27 00:32:34,403 - aqt.helper - INFO - helper 87512 Redirected: qt.mirror.constant.com
2026-04-27 00:32:35,390 - aqt.installer - INFO - installer 87512 Finished installation of qttranslations-Windows-Windows_10_22H2-MSVC2019-Windows-Windows_10_22H2-X86_64.7z in 2.01757790
2026-04-27 00:32:35,403 - aqt.helper - DEBUG - helper 87512 Attempt to download checksum at https://download.qt.io/online/qtsdkrepository/windows_x86/desktop/qt6_673/qt.qt6.673.win64_msvc2019_64/6.7.3-0-202409200836d3dcompiler_47-x64.7z.sha256
2026-04-27 00:32:35,936 - aqt.helper - INFO - helper 87512 Downloading d3dcompiler_47...
2026-04-27 00:32:35,936 - aqt.installer - DEBUG - installer 87512 Download URL: https://download.qt.io/online/qtsdkrepository/windows_x86/desktop/qt6_673/qt.qt6.673.win64_msvc2019_64/6.7.3-0-202409200836d3dcompiler_47-x64.7z
2026-04-27 00:32:36,447 - aqt.helper - DEBUG - helper 87512 Asked to redirect(302) to: https://qt.mirror.constant.com/online/qtsdkrepository/windows_x86/desktop/qt6_673/qt.qt6.673.win64_msvc2019_64/6.7.3-0-202409200836d3dcompiler_47-x64.7z
2026-04-27 00:32:36,447 - aqt.helper - INFO - helper 87512 Redirected: qt.mirror.constant.com
2026-04-27 00:32:36,905 - aqt.installer - INFO - installer 87512 Finished installation of d3dcompiler_47-x64.7z in 1.50370860
2026-04-27 00:32:36,928 - aqt.helper - DEBUG - helper 87512 Attempt to download checksum at https://download.qt.io/online/qtsdkrepository/windows_x86/desktop/qt6_673/qt.qt6.673.win64_msvc2019_64/6.7.3-0-202409200836opengl32sw-64-mesa_11_2_2-signed_sha256.7z.sha256
2026-04-27 00:32:37,319 - aqt.installer - INFO - installer 28860 Finished installation of qttools-Windows-Windows_10_22H2-MSVC2019-Windows-Windows_10_22H2-X86_64.7z in 5.28301190
2026-04-27 00:32:37,414 - aqt.helper - INFO - helper 87512 Downloading opengl32sw...
2026-04-27 00:32:37,414 - aqt.installer - DEBUG - installer 87512 Download URL: https://download.qt.io/online/qtsdkrepository/windows_x86/desktop/qt6_673/qt.qt6.673.win64_msvc2019_64/6.7.3-0-202409200836opengl32sw-64-mesa_11_2_2-signed_sha256.7z
2026-04-27 00:32:37,937 - aqt.helper - DEBUG - helper 87512 Asked to redirect(302) to: https://qt.mirror.constant.com/online/qtsdkrepository/windows_x86/desktop/qt6_673/qt.qt6.673.win64_msvc2019_64/6.7.3-0-202409200836opengl32sw-64-mesa_11_2_2-signed_sha256.7z
2026-04-27 00:32:37,937 - aqt.helper - INFO - helper 87512 Redirected: qt.mirror.constant.com
2026-04-27 00:32:38,715 - aqt.installer - INFO - installer 87512 Finished installation of opengl32sw-64-mesa_11_2_2-signed_sha256.7z in 1.79085660
2026-04-27 00:32:39,279 - aqt.installer - INFO - installer 80968 Finished installation of qtbase-Windows-Windows_10_22H2-MSVC2019-Windows-Windows_10_22H2-X86_64.7z in 7.24410920
2026-04-27 00:32:48,230 - aqt.installer - INFO - installer 46724 Finished installation of qtdeclarative-Windows-Windows_10_22H2-MSVC2019-Windows-Windows_10_22H2-X86_64.7z in 16.19367240
2026-04-27 00:32:48,360 - aqt.updater - INFO - updater 25184 Patching C:\Qt\6.7.3\msvc2019_64\bin\qmake.exe
2026-04-27 00:32:48,364 - aqt.updater - INFO - updater 25184 Patching C:\Qt\6.7.3\msvc2019_64\lib\Qt6Concurrent.prl
2026-04-27 00:32:48,365 - aqt.updater - INFO - updater 25184 Patching C:\Qt\6.7.3\msvc2019_64\lib\Qt6Concurrentd.prl
2026-04-27 00:32:48,365 - aqt.updater - INFO - updater 25184 Patching C:\Qt\6.7.3\msvc2019_64\lib\Qt6Core.prl
2026-04-27 00:32:48,366 - aqt.updater - INFO - updater 25184 Patching C:\Qt\6.7.3\msvc2019_64\lib\Qt6Cored.prl
2026-04-27 00:32:48,367 - aqt.updater - INFO - updater 25184 Patching C:\Qt\6.7.3\msvc2019_64\lib\Qt6DBus.prl
2026-04-27 00:32:48,367 - aqt.updater - INFO - updater 25184 Patching C:\Qt\6.7.3\msvc2019_64\lib\Qt6DBusd.prl
2026-04-27 00:32:48,368 - aqt.updater - INFO - updater 25184 Patching C:\Qt\6.7.3\msvc2019_64\lib\Qt6Designer.prl
2026-04-27 00:32:48,368 - aqt.updater - INFO - updater 25184 Patching C:\Qt\6.7.3\msvc2019_64\lib\Qt6DesignerComponents.prl
2026-04-27 00:32:48,369 - aqt.updater - INFO - updater 25184 Patching C:\Qt\6.7.3\msvc2019_64\lib\Qt6DesignerComponentsd.prl
2026-04-27 00:32:48,369 - aqt.updater - INFO - updater 25184 Patching C:\Qt\6.7.3\msvc2019_64\lib\Qt6Designerd.prl
2026-04-27 00:32:48,370 - aqt.updater - INFO - updater 25184 Patching C:\Qt\6.7.3\msvc2019_64\lib\Qt6DeviceDiscoverySupport.prl
2026-04-27 00:32:48,370 - aqt.updater - INFO - updater 25184 Patching C:\Qt\6.7.3\msvc2019_64\lib\Qt6DeviceDiscoverySupportd.prl
2026-04-27 00:32:48,371 - aqt.updater - INFO - updater 25184 Patching C:\Qt\6.7.3\msvc2019_64\lib\Qt6EntryPoint.prl
2026-04-27 00:32:48,372 - aqt.updater - INFO - updater 25184 Patching C:\Qt\6.7.3\msvc2019_64\lib\Qt6EntryPointd.prl
2026-04-27 00:32:48,372 - aqt.updater - INFO - updater 25184 Patching C:\Qt\6.7.3\msvc2019_64\lib\Qt6ExampleIcons.prl
2026-04-27 00:32:48,373 - aqt.updater - INFO - updater 25184 Patching C:\Qt\6.7.3\msvc2019_64\lib\Qt6ExampleIconsd.prl
2026-04-27 00:32:48,374 - aqt.updater - INFO - updater 25184 Patching C:\Qt\6.7.3\msvc2019_64\lib\Qt6FbSupport.prl
2026-04-27 00:32:48,374 - aqt.updater - INFO - updater 25184 Patching C:\Qt\6.7.3\msvc2019_64\lib\Qt6FbSupportd.prl
2026-04-27 00:32:48,375 - aqt.updater - INFO - updater 25184 Patching C:\Qt\6.7.3\msvc2019_64\lib\Qt6Gui.prl
2026-04-27 00:32:48,376 - aqt.updater - INFO - updater 25184 Patching C:\Qt\6.7.3\msvc2019_64\lib\Qt6Guid.prl
2026-04-27 00:32:48,376 - aqt.updater - INFO - updater 25184 Patching C:\Qt\6.7.3\msvc2019_64\lib\Qt6Help.prl
2026-04-27 00:32:48,377 - aqt.updater - INFO - updater 25184 Patching C:\Qt\6.7.3\msvc2019_64\lib\Qt6Helpd.prl
2026-04-27 00:32:48,377 - aqt.updater - INFO - updater 25184 Patching C:\Qt\6.7.3\msvc2019_64\lib\Qt6LabsAnimation.prl
2026-04-27 00:32:48,378 - aqt.updater - INFO - updater 25184 Patching C:\Qt\6.7.3\msvc2019_64\lib\Qt6LabsAnimationd.prl
2026-04-27 00:32:48,379 - aqt.updater - INFO - updater 25184 Patching C:\Qt\6.7.3\msvc2019_64\lib\Qt6LabsFolderListModel.prl
2026-04-27 00:32:48,379 - aqt.updater - INFO - updater 25184 Patching C:\Qt\6.7.3\msvc2019_64\lib\Qt6LabsFolderListModeld.prl
2026-04-27 00:32:48,380 - aqt.updater - INFO - updater 25184 Patching C:\Qt\6.7.3\msvc2019_64\lib\Qt6LabsQmlModels.prl
2026-04-27 00:32:48,380 - aqt.updater - INFO - updater 25184 Patching C:\Qt\6.7.3\msvc2019_64\lib\Qt6LabsQmlModelsd.prl
2026-04-27 00:32:48,381 - aqt.updater - INFO - updater 25184 Patching C:\Qt\6.7.3\msvc2019_64\lib\Qt6LabsSettings.prl
2026-04-27 00:32:48,382 - aqt.updater - INFO - updater 25184 Patching C:\Qt\6.7.3\msvc2019_64\lib\Qt6LabsSettingsd.prl
2026-04-27 00:32:48,382 - aqt.updater - INFO - updater 25184 Patching C:\Qt\6.7.3\msvc2019_64\lib\Qt6LabsSharedImage.prl
2026-04-27 00:32:48,383 - aqt.updater - INFO - updater 25184 Patching C:\Qt\6.7.3\msvc2019_64\lib\Qt6LabsSharedImaged.prl
2026-04-27 00:32:48,384 - aqt.updater - INFO - updater 25184 Patching C:\Qt\6.7.3\msvc2019_64\lib\Qt6LabsWavefrontMesh.prl
2026-04-27 00:32:48,384 - aqt.updater - INFO - updater 25184 Patching C:\Qt\6.7.3\msvc2019_64\lib\Qt6LabsWavefrontMeshd.prl
2026-04-27 00:32:48,385 - aqt.updater - INFO - updater 25184 Patching C:\Qt\6.7.3\msvc2019_64\lib\Qt6Network.prl
2026-04-27 00:32:48,385 - aqt.updater - INFO - updater 25184 Patching C:\Qt\6.7.3\msvc2019_64\lib\Qt6Networkd.prl
2026-04-27 00:32:48,386 - aqt.updater - INFO - updater 25184 Patching C:\Qt\6.7.3\msvc2019_64\lib\Qt6OpenGL.prl
2026-04-27 00:32:48,386 - aqt.updater - INFO - updater 25184 Patching C:\Qt\6.7.3\msvc2019_64\lib\Qt6OpenGLd.prl
2026-04-27 00:32:48,387 - aqt.updater - INFO - updater 25184 Patching C:\Qt\6.7.3\msvc2019_64\lib\Qt6OpenGLWidgets.prl
2026-04-27 00:32:48,387 - aqt.updater - INFO - updater 25184 Patching C:\Qt\6.7.3\msvc2019_64\lib\Qt6OpenGLWidgetsd.prl
2026-04-27 00:32:48,388 - aqt.updater - INFO - updater 25184 Patching C:\Qt\6.7.3\msvc2019_64\lib\Qt6PacketProtocol.prl
2026-04-27 00:32:48,389 - aqt.updater - INFO - updater 25184 Patching C:\Qt\6.7.3\msvc2019_64\lib\Qt6PacketProtocold.prl
2026-04-27 00:32:48,389 - aqt.updater - INFO - updater 25184 Patching C:\Qt\6.7.3\msvc2019_64\lib\Qt6PrintSupport.prl
2026-04-27 00:32:48,390 - aqt.updater - INFO - updater 25184 Patching C:\Qt\6.7.3\msvc2019_64\lib\Qt6PrintSupportd.prl
2026-04-27 00:32:48,391 - aqt.updater - INFO - updater 25184 Patching C:\Qt\6.7.3\msvc2019_64\lib\Qt6Qml.prl
2026-04-27 00:32:48,391 - aqt.updater - INFO - updater 25184 Patching C:\Qt\6.7.3\msvc2019_64\lib\Qt6QmlBuiltins.prl
2026-04-27 00:32:48,392 - aqt.updater - INFO - updater 25184 Patching C:\Qt\6.7.3\msvc2019_64\lib\Qt6QmlBuiltinsd.prl
2026-04-27 00:32:48,393 - aqt.updater - INFO - updater 25184 Patching C:\Qt\6.7.3\msvc2019_64\lib\Qt6QmlCompiler.prl
2026-04-27 00:32:48,394 - aqt.updater - INFO - updater 25184 Patching C:\Qt\6.7.3\msvc2019_64\lib\Qt6QmlCompilerd.prl
2026-04-27 00:32:48,394 - aqt.updater - INFO - updater 25184 Patching C:\Qt\6.7.3\msvc2019_64\lib\Qt6QmlCore.prl
2026-04-27 00:32:48,395 - aqt.updater - INFO - updater 25184 Patching C:\Qt\6.7.3\msvc2019_64\lib\Qt6QmlCored.prl
2026-04-27 00:32:48,395 - aqt.updater - INFO - updater 25184 Patching C:\Qt\6.7.3\msvc2019_64\lib\Qt6Qmld.prl
2026-04-27 00:32:48,396 - aqt.updater - INFO - updater 25184 Patching C:\Qt\6.7.3\msvc2019_64\lib\Qt6QmlDebug.prl
2026-04-27 00:32:48,397 - aqt.updater - INFO - updater 25184 Patching C:\Qt\6.7.3\msvc2019_64\lib\Qt6QmlDebugd.prl
2026-04-27 00:32:48,397 - aqt.updater - INFO - updater 25184 Patching C:\Qt\6.7.3\msvc2019_64\lib\Qt6QmlDom.prl
2026-04-27 00:32:48,398 - aqt.updater - INFO - updater 25184 Patching C:\Qt\6.7.3\msvc2019_64\lib\Qt6QmlDomd.prl
2026-04-27 00:32:48,398 - aqt.updater - INFO - updater 25184 Patching C:\Qt\6.7.3\msvc2019_64\lib\Qt6QmlLocalStorage.prl
2026-04-27 00:32:48,399 - aqt.updater - INFO - updater 25184 Patching C:\Qt\6.7.3\msvc2019_64\lib\Qt6QmlLocalStoraged.prl
2026-04-27 00:32:48,400 - aqt.updater - INFO - updater 25184 Patching C:\Qt\6.7.3\msvc2019_64\lib\Qt6QmlLS.prl
2026-04-27 00:32:48,400 - aqt.updater - INFO - updater 25184 Patching C:\Qt\6.7.3\msvc2019_64\lib\Qt6QmlLSd.prl
2026-04-27 00:32:48,401 - aqt.updater - INFO - updater 25184 Patching C:\Qt\6.7.3\msvc2019_64\lib\Qt6QmlModels.prl
2026-04-27 00:32:48,402 - aqt.updater - INFO - updater 25184 Patching C:\Qt\6.7.3\msvc2019_64\lib\Qt6QmlModelsd.prl
2026-04-27 00:32:48,402 - aqt.updater - INFO - updater 25184 Patching C:\Qt\6.7.3\msvc2019_64\lib\Qt6QmlNetwork.prl
2026-04-27 00:32:48,403 - aqt.updater - INFO - updater 25184 Patching C:\Qt\6.7.3\msvc2019_64\lib\Qt6QmlNetworkd.prl
2026-04-27 00:32:48,403 - aqt.updater - INFO - updater 25184 Patching C:\Qt\6.7.3\msvc2019_64\lib\Qt6QmlToolingSettings.prl
2026-04-27 00:32:48,404 - aqt.updater - INFO - updater 25184 Patching C:\Qt\6.7.3\msvc2019_64\lib\Qt6QmlToolingSettingsd.prl
2026-04-27 00:32:48,405 - aqt.updater - INFO - updater 25184 Patching C:\Qt\6.7.3\msvc2019_64\lib\Qt6QmlTypeRegistrar.prl
2026-04-27 00:32:48,405 - aqt.updater - INFO - updater 25184 Patching C:\Qt\6.7.3\msvc2019_64\lib\Qt6QmlTypeRegistrard.prl
2026-04-27 00:32:48,406 - aqt.updater - INFO - updater 25184 Patching C:\Qt\6.7.3\msvc2019_64\lib\Qt6QmlWorkerScript.prl
2026-04-27 00:32:48,406 - aqt.updater - INFO - updater 25184 Patching C:\Qt\6.7.3\msvc2019_64\lib\Qt6QmlWorkerScriptd.prl
2026-04-27 00:32:48,407 - aqt.updater - INFO - updater 25184 Patching C:\Qt\6.7.3\msvc2019_64\lib\Qt6QmlXmlListModel.prl
2026-04-27 00:32:48,407 - aqt.updater - INFO - updater 25184 Patching C:\Qt\6.7.3\msvc2019_64\lib\Qt6QmlXmlListModeld.prl
2026-04-27 00:32:48,408 - aqt.updater - INFO - updater 25184 Patching C:\Qt\6.7.3\msvc2019_64\lib\Qt6Quick.prl
2026-04-27 00:32:48,409 - aqt.updater - INFO - updater 25184 Patching C:\Qt\6.7.3\msvc2019_64\lib\Qt6QuickControls2.prl
2026-04-27 00:32:48,409 - aqt.updater - INFO - updater 25184 Patching C:\Qt\6.7.3\msvc2019_64\lib\Qt6QuickControls2Basic.prl
2026-04-27 00:32:48,410 - aqt.updater - INFO - updater 25184 Patching C:\Qt\6.7.3\msvc2019_64\lib\Qt6QuickControls2Basicd.prl
2026-04-27 00:32:48,410 - aqt.updater - INFO - updater 25184 Patching C:\Qt\6.7.3\msvc2019_64\lib\Qt6QuickControls2BasicStyleImpl.prl
2026-04-27 00:32:48,411 - aqt.updater - INFO - updater 25184 Patching C:\Qt\6.7.3\msvc2019_64\lib\Qt6QuickControls2BasicStyleImpld.prl
2026-04-27 00:32:48,412 - aqt.updater - INFO - updater 25184 Patching C:\Qt\6.7.3\msvc2019_64\lib\Qt6QuickControls2d.prl
2026-04-27 00:32:48,412 - aqt.updater - INFO - updater 25184 Patching C:\Qt\6.7.3\msvc2019_64\lib\Qt6QuickControls2Fusion.prl
2026-04-27 00:32:48,413 - aqt.updater - INFO - updater 25184 Patching C:\Qt\6.7.3\msvc2019_64\lib\Qt6QuickControls2Fusiond.prl
2026-04-27 00:32:48,414 - aqt.updater - INFO - updater 25184 Patching C:\Qt\6.7.3\msvc2019_64\lib\Qt6QuickControls2FusionStyleImpl.prl
2026-04-27 00:32:48,414 - aqt.updater - INFO - updater 25184 Patching C:\Qt\6.7.3\msvc2019_64\lib\Qt6QuickControls2FusionStyleImpld.prl
2026-04-27 00:32:48,415 - aqt.updater - INFO - updater 25184 Patching C:\Qt\6.7.3\msvc2019_64\lib\Qt6QuickControls2Imagine.prl
2026-04-27 00:32:48,415 - aqt.updater - INFO - updater 25184 Patching C:\Qt\6.7.3\msvc2019_64\lib\Qt6QuickControls2Imagined.prl
2026-04-27 00:32:48,416 - aqt.updater - INFO - updater 25184 Patching C:\Qt\6.7.3\msvc2019_64\lib\Qt6QuickControls2ImagineStyleImpl.prl
2026-04-27 00:32:48,417 - aqt.updater - INFO - updater 25184 Patching C:\Qt\6.7.3\msvc2019_64\lib\Qt6QuickControls2ImagineStyleImpld.prl
2026-04-27 00:32:48,417 - aqt.updater - INFO - updater 25184 Patching C:\Qt\6.7.3\msvc2019_64\lib\Qt6QuickControls2Impl.prl
2026-04-27 00:32:48,418 - aqt.updater - INFO - updater 25184 Patching C:\Qt\6.7.3\msvc2019_64\lib\Qt6QuickControls2Impld.prl
2026-04-27 00:32:48,418 - aqt.updater - INFO - updater 25184 Patching C:\Qt\6.7.3\msvc2019_64\lib\Qt6QuickControls2Material.prl
2026-04-27 00:32:48,419 - aqt.updater - INFO - updater 25184 Patching C:\Qt\6.7.3\msvc2019_64\lib\Qt6QuickControls2Materiald.prl
2026-04-27 00:32:48,419 - aqt.updater - INFO - updater 25184 Patching C:\Qt\6.7.3\msvc2019_64\lib\Qt6QuickControls2MaterialStyleImpl.prl
2026-04-27 00:32:48,420 - aqt.updater - INFO - updater 25184 Patching C:\Qt\6.7.3\msvc2019_64\lib\Qt6QuickControls2MaterialStyleImpld.prl
2026-04-27 00:32:48,420 - aqt.updater - INFO - updater 25184 Patching C:\Qt\6.7.3\msvc2019_64\lib\Qt6QuickControls2Universal.prl
2026-04-27 00:32:48,421 - aqt.updater - INFO - updater 25184 Patching C:\Qt\6.7.3\msvc2019_64\lib\Qt6QuickControls2Universald.prl
2026-04-27 00:32:48,422 - aqt.updater - INFO - updater 25184 Patching C:\Qt\6.7.3\msvc2019_64\lib\Qt6QuickControls2UniversalStyleImpl.prl
2026-04-27 00:32:48,422 - aqt.updater - INFO - updater 25184 Patching C:\Qt\6.7.3\msvc2019_64\lib\Qt6QuickControls2UniversalStyleImpld.prl
2026-04-27 00:32:48,423 - aqt.updater - INFO - updater 25184 Patching C:\Qt\6.7.3\msvc2019_64\lib\Qt6QuickControls2WindowsStyleImpl.prl
2026-04-27 00:32:48,424 - aqt.updater - INFO - updater 25184 Patching C:\Qt\6.7.3\msvc2019_64\lib\Qt6QuickControls2WindowsStyleImpld.prl
2026-04-27 00:32:48,424 - aqt.updater - INFO - updater 25184 Patching C:\Qt\6.7.3\msvc2019_64\lib\Qt6QuickControlsTestUtils.prl
2026-04-27 00:32:48,425 - aqt.updater - INFO - updater 25184 Patching C:\Qt\6.7.3\msvc2019_64\lib\Qt6QuickControlsTestUtilsd.prl
2026-04-27 00:32:48,425 - aqt.updater - INFO - updater 25184 Patching C:\Qt\6.7.3\msvc2019_64\lib\Qt6Quickd.prl
2026-04-27 00:32:48,426 - aqt.updater - INFO - updater 25184 Patching C:\Qt\6.7.3\msvc2019_64\lib\Qt6QuickDialogs2.prl
2026-04-27 00:32:48,427 - aqt.updater - INFO - updater 25184 Patching C:\Qt\6.7.3\msvc2019_64\lib\Qt6QuickDialogs2d.prl
2026-04-27 00:32:48,427 - aqt.updater - INFO - updater 25184 Patching C:\Qt\6.7.3\msvc2019_64\lib\Qt6QuickDialogs2QuickImpl.prl
2026-04-27 00:32:48,428 - aqt.updater - INFO - updater 25184 Patching C:\Qt\6.7.3\msvc2019_64\lib\Qt6QuickDialogs2QuickImpld.prl
2026-04-27 00:32:48,429 - aqt.updater - INFO - updater 25184 Patching C:\Qt\6.7.3\msvc2019_64\lib\Qt6QuickDialogs2Utils.prl
2026-04-27 00:32:48,429 - aqt.updater - INFO - updater 25184 Patching C:\Qt\6.7.3\msvc2019_64\lib\Qt6QuickDialogs2Utilsd.prl
2026-04-27 00:32:48,430 - aqt.updater - INFO - updater 25184 Patching C:\Qt\6.7.3\msvc2019_64\lib\Qt6QuickEffects.prl
2026-04-27 00:32:48,430 - aqt.updater - INFO - updater 25184 Patching C:\Qt\6.7.3\msvc2019_64\lib\Qt6QuickEffectsd.prl
2026-04-27 00:32:48,431 - aqt.updater - INFO - updater 25184 Patching C:\Qt\6.7.3\msvc2019_64\lib\Qt6QuickLayouts.prl
2026-04-27 00:32:48,432 - aqt.updater - INFO - updater 25184 Patching C:\Qt\6.7.3\msvc2019_64\lib\Qt6QuickLayoutsd.prl
2026-04-27 00:32:48,432 - aqt.updater - INFO - updater 25184 Patching C:\Qt\6.7.3\msvc2019_64\lib\Qt6QuickParticles.prl
2026-04-27 00:32:48,433 - aqt.updater - INFO - updater 25184 Patching C:\Qt\6.7.3\msvc2019_64\lib\Qt6QuickParticlesd.prl
2026-04-27 00:32:48,433 - aqt.updater - INFO - updater 25184 Patching C:\Qt\6.7.3\msvc2019_64\lib\Qt6QuickShapes.prl
2026-04-27 00:32:48,434 - aqt.updater - INFO - updater 25184 Patching C:\Qt\6.7.3\msvc2019_64\lib\Qt6QuickShapesd.prl
2026-04-27 00:32:48,434 - aqt.updater - INFO - updater 25184 Patching C:\Qt\6.7.3\msvc2019_64\lib\Qt6QuickTemplates2.prl
2026-04-27 00:32:48,435 - aqt.updater - INFO - updater 25184 Patching C:\Qt\6.7.3\msvc2019_64\lib\Qt6QuickTemplates2d.prl
2026-04-27 00:32:48,435 - aqt.updater - INFO - updater 25184 Patching C:\Qt\6.7.3\msvc2019_64\lib\Qt6QuickTest.prl
2026-04-27 00:32:48,436 - aqt.updater - INFO - updater 25184 Patching C:\Qt\6.7.3\msvc2019_64\lib\Qt6QuickTestd.prl
2026-04-27 00:32:48,437 - aqt.updater - INFO - updater 25184 Patching C:\Qt\6.7.3\msvc2019_64\lib\Qt6QuickTestUtils.prl
2026-04-27 00:32:48,437 - aqt.updater - INFO - updater 25184 Patching C:\Qt\6.7.3\msvc2019_64\lib\Qt6QuickTestUtilsd.prl
2026-04-27 00:32:48,438 - aqt.updater - INFO - updater 25184 Patching C:\Qt\6.7.3\msvc2019_64\lib\Qt6QuickWidgets.prl
2026-04-27 00:32:48,439 - aqt.updater - INFO - updater 25184 Patching C:\Qt\6.7.3\msvc2019_64\lib\Qt6QuickWidgetsd.prl
2026-04-27 00:32:48,439 - aqt.updater - INFO - updater 25184 Patching C:\Qt\6.7.3\msvc2019_64\lib\Qt6Sql.prl
2026-04-27 00:32:48,440 - aqt.updater - INFO - updater 25184 Patching C:\Qt\6.7.3\msvc2019_64\lib\Qt6Sqld.prl
2026-04-27 00:32:48,440 - aqt.updater - INFO - updater 25184 Patching C:\Qt\6.7.3\msvc2019_64\lib\Qt6Svg.prl
2026-04-27 00:32:48,441 - aqt.updater - INFO - updater 25184 Patching C:\Qt\6.7.3\msvc2019_64\lib\Qt6Svgd.prl
2026-04-27 00:32:48,441 - aqt.updater - INFO - updater 25184 Patching C:\Qt\6.7.3\msvc2019_64\lib\Qt6SvgWidgets.prl
2026-04-27 00:32:48,442 - aqt.updater - INFO - updater 25184 Patching C:\Qt\6.7.3\msvc2019_64\lib\Qt6SvgWidgetsd.prl
2026-04-27 00:32:48,443 - aqt.updater - INFO - updater 25184 Patching C:\Qt\6.7.3\msvc2019_64\lib\Qt6Test.prl
2026-04-27 00:32:48,443 - aqt.updater - INFO - updater 25184 Patching C:\Qt\6.7.3\msvc2019_64\lib\Qt6Testd.prl
2026-04-27 00:32:48,444 - aqt.updater - INFO - updater 25184 Patching C:\Qt\6.7.3\msvc2019_64\lib\Qt6UiTools.prl
2026-04-27 00:32:48,445 - aqt.updater - INFO - updater 25184 Patching C:\Qt\6.7.3\msvc2019_64\lib\Qt6UiToolsd.prl
2026-04-27 00:32:48,445 - aqt.updater - INFO - updater 25184 Patching C:\Qt\6.7.3\msvc2019_64\lib\Qt6Widgets.prl
2026-04-27 00:32:48,446 - aqt.updater - INFO - updater 25184 Patching C:\Qt\6.7.3\msvc2019_64\lib\Qt6Widgetsd.prl
2026-04-27 00:32:48,446 - aqt.updater - INFO - updater 25184 Patching C:\Qt\6.7.3\msvc2019_64\lib\Qt6Xml.prl
2026-04-27 00:32:48,447 - aqt.updater - INFO - updater 25184 Patching C:\Qt\6.7.3\msvc2019_64\lib\Qt6Xmld.prl
2026-04-27 00:32:48,448 - aqt.main - INFO - installer 25184 Finished installation
2026-04-27 00:32:48,448 - aqt.main - INFO - installer 25184 Time elapsed: 18.45797460 second
