[browser:log] {Face: face, Skin Color: skin, Hair Style: hairStyle, Hair Color: hairColor, Facial Hair: facialStyle}
[browser:log] {Face: face, Skin Color: skin, Hair Style: hairStyle, Hair Color: hairColor, Facial Hair: facialStyle}
[browser:log] {Face: face, Skin Color: skin, Hair Style: hairStyle, Hair Color: hairColor, Facial Hair: facialStyle}
[browser:log] {Face: face, Skin Color: skin, Hair Style: hairStyle, Hair Color: hairColor, Facial Hair: facialStyle}
[browser:log] {Face: face, Skin Color: skin, Hair Style: hairStyle, Hair Color: hairColor, Facial Hair: facialStyle}
[browser:log] {Face: face, Skin Color: skin, Hair Style: hairStyle, Hair Color: hairColor, Facial Hair: facialStyle}
[browser:log] {Face: face, Skin Color: skin, Hair Style: hairStyle, Hair Color: hairColor, Facial Hair: facialStyle}
[browser:log] {Face: face, Skin Color: skin, Hair Style: hairStyle, Hair Color: hairColor, Facial Hair: facialStyle}
[browser:log] {Face: face, Skin Color: skin, Hair Style: hairStyle, Hair Color: hairColor, Facial Hair: facialStyle}
[browser:log] {Face: face, Skin Color: skin, Hair Style: hairStyle, Hair Color: hairColor, Facial Hair: facialStyle}
[browser:warning] In character:  {race: 7, gender: 1, skin: 4, face: 0, hairStyle: 5} the following options are missing []
[browser:log] Creating viewer with options {type: 2, contentPath: http://127.0.0.1:4173/proxy/modelviewer/live/, container: ce.fn.init, aspect: 1.25, hd: true}
[browser:log] Creating viewer with options {type: 2, contentPath: http://127.0.0.1:4173/proxy/modelviewer/live/, container: ce.fn.init, aspect: 1.25, hd: true}
[browser:log] [Texture anisotropy enabled, 16]
[browser:log] [(float texture) Skinning in shader is supported]
[browser:log] [setShouldersOverride, undefined]
[browser:log] [Got customization data v2, Object]
[browser:log] [applyCustomization options, Array(5)]
[browser:log] [option, Object]
[browser:log] [choice, Object]
[browser:log] [element material, Object]
[browser:log] [option, Object]
[browser:log] [choice, Object]
[browser:log] [element material, Object]
[browser:log] [element material, Object]
[browser:log] [element material, Object]
[browser:log] [option, Object]
[browser:log] [choice, Object]
[browser:log] [element material, Object]
[browser:log] [element geoset, Object]
[browser:log] [option, Object]
[browser:log] [choice, Object]
[browser:log] [element material, Object]
[browser:log] [option, Object]
[browser:log] [choice, Object]
[browser:log] [element material, Object]
[browser:log] [Creating item, 1170]
[browser:log] [Loading item, 1170]
[browser:log] [Creating item, 4925]
[browser:log] [Loading item, 4925]
[browser:log] [Creating item, 9575]
[browser:log] [Loading item, 9575]
[browser:log] [Creating item, 25235]
[browser:log] [Loading item, 25235]
[browser:log] [Creating item, 2311]
[browser:log] [Loading item, 2311]
[browser:log] [Creating item, 21154]
[browser:log] [Loading item, 21154]
[browser:log] [Creating item, 14618]
[browser:log] [Loading item, 14618]
[browser:log] [Creating item, 9534]
[browser:log] [Loading item, 9534]
[browser:log] [Creating item, 17238]
[browser:log] [Loading item, 17238]
[browser:log] [Creating item, 20379]
[browser:log] [Loading item, 20379]
[browser:log] [Creating item, 28787]
[browser:log] [Loading item, 28787]
[browser:error] Failed to load resource: the server responded with a status of 404 (Not Found)
[browser:log] Not Found
[browser:log] [Loaded item:, DisplayId, 1170, InventoryType, 1]
[browser:log] [Loaded item:, DisplayId, 4925, InventoryType, 3]
[browser:log] [Loaded item:, DisplayId, 9575, InventoryType, 5]
[browser:log] [Loaded item:, DisplayId, 25235, InventoryType, 6]
[browser:log] [Loaded item:, DisplayId, 21154, InventoryType, 8]
[browser:log] [Loaded item:, DisplayId, 14618, InventoryType, 9]
[browser:log] [Loaded item:, DisplayId, 2311, InventoryType, 7]
[browser:log] [Loaded item:, DisplayId, 9534, InventoryType, 10]
[browser:log] [Loaded item:, DisplayId, 20379, InventoryType, 17]
[browser:error] Failed to load resource: the server responded with a status of 404 (Not Found)
[browser:log] Error loading metadata: error, Not Found
[browser:error] Failed to load resource: the server responded with a status of 404 (Not Found)
[browser:log] Error loading metadata: error, Not Found
[browser:error] Failed to load resource: the server responded with a status of 404 (Not Found)
[browser:log] Not Found
[browser:error] Failed to load resource: the server responded with a status of 404 (Not Found)
[browser:log] Not Found
[browser:error] Failed to load resource: the server responded with a status of 404 (Not Found)
[browser:log] Not Found
[browser:error] Failed to load resource: the server responded with a status of 404 (Not Found)
[browser:log] Not Found
[browser:error] Failed to load resource: the server responded with a status of 404 (Not Found)
[browser:log] Not Found
[browser:error] Failed to load resource: the server responded with a status of 404 (Not Found)
[browser:log] Not Found