[browser:log] {Face: face, Skin Color: skin, Hair Style: hairStyle, Hair Color: hairColor, Facial Hair: facialStyle}
[browser:log] {Face: face, Skin Color: skin, Hair Style: hairStyle, Hair Color: hairColor, Facial Hair: facialStyle}
[browser:log] {Face: face, Skin Color: skin, Hair Style: hairStyle, Hair Color: hairColor, Facial Hair: facialStyle}
[browser:log] {Face: face, Skin Color: skin, Hair Style: hairStyle, Hair Color: hairColor, Facial Hair: facialStyle}
[browser:log] {Face: face, Skin Color: skin, Hair Style: hairStyle, Hair Color: hairColor, Facial Hair: facialStyle}
[browser:log] {Face: face, Skin Color: skin, Hair Style: hairStyle, Hair Color: hairColor, Facial Hair: facialStyle}
[browser:log] {Face: face, Skin Color: skin, Hair Style: hairStyle, Hair Color: hairColor, Facial Hair: facialStyle}
[browser:log] {Face: face, Skin Color: skin, Hair Style: hairStyle, Hair Color: hairColor, Facial Hair: facialStyle}
[browser:log] {Face: face, Skin Color: skin, Hair Style: hairStyle, Hair Color: hairColor, Facial Hair: facialStyle}
[browser:log] {Face: face, Skin Color: skin, Hair Style: hairStyle, Hair Color: hairColor, Facial Hair: facialStyle}
[browser:warning] In character:  {race: 7, gender: 1, skin: 4, face: 0, hairStyle: 5} the following options are missing []
[browser:log] Creating viewer with options {type: 2, contentPath: http://127.0.0.1:4173/proxy/modelviewer/live/, container: ce.fn.init, aspect: 1.25, hd: true}
[browser:log] Creating viewer with options {type: 2, contentPath: http://127.0.0.1:4173/proxy/modelviewer/live/, container: ce.fn.init, aspect: 1.25, hd: true}
[browser:log] [Texture anisotropy enabled, 16]
[browser:log] [(float texture) Skinning in shader is supported]
[browser:log] [setShouldersOverride, undefined]
[browser:log] [Got customization data v2, Object]
[browser:log] [applyCustomization options, Array(5)]
[browser:log] [option, Object]
[browser:log] [choice, Object]
[browser:log] [element material, Object]
[browser:log] [option, Object]
[browser:log] [choice, Object]
[browser:log] [element material, Object]
[browser:log] [element material, Object]
[browser:log] [element material, Object]
[browser:log] [option, Object]
[browser:log] [choice, Object]
[browser:log] [element material, Object]
[browser:log] [element geoset, Object]
[browser:log] [option, Object]
[browser:log] [choice, Object]
[browser:log] [element material, Object]
[browser:log] [option, Object]
[browser:log] [choice, Object]
[browser:log] [element material, Object]
[browser:error] Failed to load resource: the server responded with a status of 404 (Not Found)
[browser:log] Not Found